[INFO  - 2018-07-26T02:12:09.132Z] GhostDriver - Main - running on port 61111
[INFO  - 2018-07-26T02:12:09.387Z] Session [4d1933e0-9079-11e8-b688-57ce0e91db0e] - page.settings - {"XSSAuditingEnabled":false,"javascriptCanCloseWindows":true,"javascriptCanOpenWindows":true,"javascriptEnabled":true,"loadImages":false,"localToRemoteUrlAccessEnabled":false,"userAgent":"Mozilla/5.0 (Windows NT 6.2; WOW64) AppleWebKit/538.1 (KHTML, like Gecko) PhantomJS/2.1.1 Safari/538.1","webSecurityEnabled":true}
[INFO  - 2018-07-26T02:12:09.387Z] Session [4d1933e0-9079-11e8-b688-57ce0e91db0e] - page.customHeaders:  - {}
[INFO  - 2018-07-26T02:12:09.387Z] Session [4d1933e0-9079-11e8-b688-57ce0e91db0e] - Session.negotiatedCapabilities - {"browserName":"phantomjs","version":"2.1.1","driverName":"ghostdriver","driverVersion":"1.2.0","platform":"windows-10-32bit","javascriptEnabled":true,"takesScreenshot":true,"handlesAlerts":false,"databaseEnabled":false,"locationContextEnabled":false,"applicationCacheEnabled":false,"browserConnectionEnabled":false,"cssSelectorsEnabled":true,"webStorageEnabled":false,"rotatable":false,"acceptSslCerts":false,"nativeEvents":true,"proxy":{"proxyType":"direct"}}
[INFO  - 2018-07-26T02:12:09.387Z] SessionManagerReqHand - _postNewSessionCommand - New Session Created: 4d1933e0-9079-11e8-b688-57ce0e91db0e
[ERROR - 2018-07-26T02:12:18.542Z] WebElementLocator - _handleLocateCommand - Element(s) NOT Found: GAVE UP. Search Stop Time: 1532571138528

  phantomjs://platform/console++.js:263 in error
[ERROR - 2018-07-26T02:12:24.487Z] WebElementLocator - _handleLocateCommand - Element(s) NOT Found: GAVE UP. Search Stop Time: 1532571144449

  phantomjs://platform/console++.js:263 in error
[ERROR - 2018-07-26T02:13:17.141Z] WebElementLocator - _handleLocateCommand - Element(s) NOT Found: GAVE UP. Search Stop Time: 1532571197110

  phantomjs://platform/console++.js:263 in error
[ERROR - 2018-07-26T02:13:21.185Z] WebElementLocator - _handleLocateCommand - Element(s) NOT Found: GAVE UP. Search Stop Time: 1532571201147

  phantomjs://platform/console++.js:263 in error
[INFO  - 2018-07-26T02:17:09.124Z] SessionManagerReqHand - _cleanupWindowlessSessions - Asynchronous Sessions clean-up phase starting NOW
[INFO  - 2018-07-26T02:22:09.124Z] SessionManagerReqHand - _cleanupWindowlessSessions - Asynchronous Sessions clean-up phase starting NOW
[INFO  - 2018-07-26T02:27:09.124Z] SessionManagerReqHand - _cleanupWindowlessSessions - Asynchronous Sessions clean-up phase starting NOW
[INFO  - 2018-07-26T02:32:09.125Z] SessionManagerReqHand - _cleanupWindowlessSessions - Asynchronous Sessions clean-up phase starting NOW
[INFO  - 2018-07-26T02:37:09.125Z] SessionManagerReqHand - _cleanupWindowlessSessions - Asynchronous Sessions clean-up phase starting NOW
[INFO  - 2018-07-26T02:42:09.125Z] SessionManagerReqHand - _cleanupWindowlessSessions - Asynchronous Sessions clean-up phase starting NOW
[INFO  - 2018-07-26T02:47:09.125Z] SessionManagerReqHand - _cleanupWindowlessSessions - Asynchronous Sessions clean-up phase starting NOW
